	 Intel oneAPI 2021
▒▒▒▒▒▒▒▒▒▒▒▒▒▒▒▒▒▒▒▒▒▒▒▒▒▒▒▒▒▒▒▒ Iniciando ejecuccion ▒▒▒▒▒▒▒▒▒▒▒▒▒▒▒▒▒▒▒▒▒▒▒▒▒▒▒▒▒▒▒▒
 > Bitacora: Prueba para ver si funciona MPI
 > ID de los resultados: 12_04_2023_093014
	•Tamano muesstra: '50'
	•Numero de hilos: '2'
	•Resultados en: 'r_12_04_2023_093014'
======================= Compilando archivos :: 09:30 =======================
_______________ Compilando el archivo secuencial _______________
----------------------------------------------------------------

________________ Compilando el archivo paralelo ________________
----------------------------------------------------------------

 > Inicia la corrida de ejecutables
--------------- corrida secuencial :: 09:30 ---------------
~~~~~~~~~~~~~ Ejecucion con 1 hilos :: 09:30 ~~~~~~~~~~~~~
[mpiexec@nodo16] check_exit_codes (../../../../../src/pm/i_hydra/libhydra/demux/hydra_demux_poll.c:117): unable to run bstrap_proxy on nodo16 (pid 77850, exit code 42752)
[mpiexec@nodo16] poll_for_event (../../../../../src/pm/i_hydra/libhydra/demux/hydra_demux_poll.c:159): check exit codes error
[mpiexec@nodo16] HYD_dmx_poll_wait_for_proxy_event (../../../../../src/pm/i_hydra/libhydra/demux/hydra_demux_poll.c:212): poll for event error
[mpiexec@nodo16] HYD_bstrap_setup (../../../../../src/pm/i_hydra/libhydra/bstrap/src/intel/i_hydra_bstrap.c:772): error waiting for event
[mpiexec@nodo16] main (../../../../../src/pm/i_hydra/mpiexec/mpiexec.c:1955): error setting up the boostrap proxies
~~~~~~~~~~~~~ Ejecucion con 2 hilos :: 09:31 ~~~~~~~~~~~~~
[mpiexec@nodo16] check_exit_codes (../../../../../src/pm/i_hydra/libhydra/demux/hydra_demux_poll.c:117): unable to run bstrap_proxy on nodo16 (pid 77885, exit code 42752)
[mpiexec@nodo16] poll_for_event (../../../../../src/pm/i_hydra/libhydra/demux/hydra_demux_poll.c:159): check exit codes error
[mpiexec@nodo16] HYD_dmx_poll_wait_for_proxy_event (../../../../../src/pm/i_hydra/libhydra/demux/hydra_demux_poll.c:212): poll for event error
[mpiexec@nodo16] HYD_bstrap_setup (../../../../../src/pm/i_hydra/libhydra/bstrap/src/intel/i_hydra_bstrap.c:772): error waiting for event
[mpiexec@nodo16] main (../../../../../src/pm/i_hydra/mpiexec/mpiexec.c:1955): error setting up the boostrap proxies
░░░░░░░░░░░░░░░░░░░░░░░░░░░░░░░░░░░░ Ejecuccion terminada ░░░░░░░░░░░░░░░░░░░░░░░░░░░░░░░░░░░░
