▒▒▒▒▒▒▒▒▒▒▒▒▒▒▒▒▒▒▒▒▒▒▒▒▒▒▒▒▒▒▒▒ Iniciando ejecuccion ▒▒▒▒▒▒▒▒▒▒▒▒▒▒▒▒▒▒▒▒▒▒▒▒▒▒▒▒▒▒▒▒
 > Bitacora: Ejecucion con los parametros especificados en la tarea
 > ID de los resultados: 29032023164624
	•Tamano del experimento: 5000000
	•Numero_hilos: 16
	•Repeticiones por hilo: '10
	•Resultados en: 'r29032023164624'
======================= Compilando archivos :: 16:46 =======================
 > Inicia la toma de tiempos
--------------- corrida secuencial :: 16:46 ---------------
~~~~~~~~~~~~~ Ejecucion con 1 hilos :: 16:46 ~~~~~~~~~~~~~
~~~~~~~~~~~~~ Ejecucion con 2 hilos :: 16:46 ~~~~~~~~~~~~~
~~~~~~~~~~~~~ Ejecucion con 3 hilos :: 16:46 ~~~~~~~~~~~~~
~~~~~~~~~~~~~ Ejecucion con 4 hilos :: 16:46 ~~~~~~~~~~~~~
~~~~~~~~~~~~~ Ejecucion con 5 hilos :: 16:46 ~~~~~~~~~~~~~
~~~~~~~~~~~~~ Ejecucion con 6 hilos :: 16:46 ~~~~~~~~~~~~~
~~~~~~~~~~~~~ Ejecucion con 7 hilos :: 16:46 ~~~~~~~~~~~~~
~~~~~~~~~~~~~ Ejecucion con 8 hilos :: 16:46 ~~~~~~~~~~~~~
~~~~~~~~~~~~~ Ejecucion con 9 hilos :: 16:46 ~~~~~~~~~~~~~
~~~~~~~~~~~~~ Ejecucion con 10 hilos :: 16:46 ~~~~~~~~~~~~~
~~~~~~~~~~~~~ Ejecucion con 11 hilos :: 16:46 ~~~~~~~~~~~~~
~~~~~~~~~~~~~ Ejecucion con 12 hilos :: 16:46 ~~~~~~~~~~~~~
~~~~~~~~~~~~~ Ejecucion con 13 hilos :: 16:46 ~~~~~~~~~~~~~
~~~~~~~~~~~~~ Ejecucion con 14 hilos :: 16:46 ~~~~~~~~~~~~~
~~~~~~~~~~~~~ Ejecucion con 15 hilos :: 16:46 ~~~~~~~~~~~~~
~~~~~~~~~~~~~ Ejecucion con 16 hilos :: 16:46 ~~~~~~~~~~~~~
░░░░░░░░░░░░░░░░░░░░░░░░░░░░░░░ Ejecuccion terminada ░░░░░░░░░░░░░░░░░░░░░░░░░░░░░░░
