	 Intel oneAPI 2021
▒▒▒▒▒▒▒▒▒▒▒▒▒▒▒▒▒▒▒▒▒▒▒▒▒▒▒▒▒▒▒▒ Iniciando ejecuccion ▒▒▒▒▒▒▒▒▒▒▒▒▒▒▒▒▒▒▒▒▒▒▒▒▒▒▒▒▒▒▒▒
 > Bitacora: prueba 
 > ID de los resultados: 12_04_2023_09_23_57
	•Resultados en: 'r_12_04_2023_09_23_57'
======================= Compilando archivos :: 09:23 =======================
_______________ Compilando el archivo secuencial _______________
-------------------------------------------------------------

________________ Compilando el archivo paralelo ________________
-------------------------------------------------------------

 > Inicia la corrida de ejecutables
--------------- corrida secuencial :: 09:23 ---------------
~~~~~~~~~~~~~ Ejecucion con 1 hilos :: 09:23 ~~~~~~~~~~~~~
[mpiexec@nodo17] check_exit_codes (../../../../../src/pm/i_hydra/libhydra/demux/hydra_demux_poll.c:117): unable to run bstrap_proxy on nodo17 (pid 90199, exit code 42752)
[mpiexec@nodo17] poll_for_event (../../../../../src/pm/i_hydra/libhydra/demux/hydra_demux_poll.c:159): check exit codes error
[mpiexec@nodo17] HYD_dmx_poll_wait_for_proxy_event (../../../../../src/pm/i_hydra/libhydra/demux/hydra_demux_poll.c:212): poll for event error
[mpiexec@nodo17] HYD_bstrap_setup (../../../../../src/pm/i_hydra/libhydra/bstrap/src/intel/i_hydra_bstrap.c:772): error waiting for event
[mpiexec@nodo17] main (../../../../../src/pm/i_hydra/mpiexec/mpiexec.c:1955): error setting up the boostrap proxies
~~~~~~~~~~~~~ Ejecucion con 2 hilos :: 09:24 ~~~~~~~~~~~~~
slurmstepd: error: *** JOB 4038 ON nodo17 CANCELLED AT 2023-04-12T09:25:00 DUE TO TIME LIMIT ***
