▒▒▒▒▒▒▒▒▒▒▒▒▒▒▒▒▒▒▒▒▒▒▒▒▒▒▒▒▒▒▒▒ Iniciando ejecuccion ▒▒▒▒▒▒▒▒▒▒▒▒▒▒▒▒▒▒▒▒▒▒▒▒▒▒▒▒▒▒▒▒
 > Bitacora: Ejecucion con los parametros de la tarea
 > ID de los resultados: 17.04.2023-16_46_07
	•Tamano muesstra: '10000000'
	•Numero de hilos: '16'
	•Resultados en: 'r_17.04.2023-16_46_07'
======================= Compilando archivos :: 16:46:07 =======================
_______________ Compilando el archivo secuencial _______________
----------------------------------------------------------------

________________ Compilando el archivo paralelo ________________
----------------------------------------------------------------

________________ Compilando el archivo de datos ________________
----------------------------------------------------------------

----------------- Generando datos :: 16:46:07 ----------------
 > Inicia la corrida de ejecutables
--------------- corrida secuencial :: 16:46:08 ---------------
~~~~~~~~~~~~~ Ejecucion con 1 hilos :: 16:46:10 ~~~~~~~~~~~~~
~~~~~~~~~~~~~ Ejecucion con 2 hilos :: 16:46:13 ~~~~~~~~~~~~~
~~~~~~~~~~~~~ Ejecucion con 3 hilos :: 16:46:15 ~~~~~~~~~~~~~
~~~~~~~~~~~~~ Ejecucion con 4 hilos :: 16:46:17 ~~~~~~~~~~~~~
~~~~~~~~~~~~~ Ejecucion con 5 hilos :: 16:46:18 ~~~~~~~~~~~~~
~~~~~~~~~~~~~ Ejecucion con 6 hilos :: 16:46:20 ~~~~~~~~~~~~~
~~~~~~~~~~~~~ Ejecucion con 7 hilos :: 16:46:21 ~~~~~~~~~~~~~
~~~~~~~~~~~~~ Ejecucion con 8 hilos :: 16:46:23 ~~~~~~~~~~~~~
~~~~~~~~~~~~~ Ejecucion con 9 hilos :: 16:46:24 ~~~~~~~~~~~~~
~~~~~~~~~~~~~ Ejecucion con 10 hilos :: 16:46:25 ~~~~~~~~~~~~~
~~~~~~~~~~~~~ Ejecucion con 11 hilos :: 16:46:27 ~~~~~~~~~~~~~
~~~~~~~~~~~~~ Ejecucion con 12 hilos :: 16:46:28 ~~~~~~~~~~~~~
~~~~~~~~~~~~~ Ejecucion con 13 hilos :: 16:46:30 ~~~~~~~~~~~~~
~~~~~~~~~~~~~ Ejecucion con 14 hilos :: 16:46:31 ~~~~~~~~~~~~~
~~~~~~~~~~~~~ Ejecucion con 15 hilos :: 16:46:32 ~~~~~~~~~~~~~
~~~~~~~~~~~~~ Ejecucion con 16 hilos :: 16:46:34 ~~~~~~~~~~~~~
░░░░░░░░░░░░░░░░░░░░░░░░░░░░░░░░░░░░ Ejecuccion terminada ░░░░░░░░░░░░░░░░░░░░░░░░░░░░░░░░░░░░
