:: WARNING: setvars.sh has already been run. Skipping re-execution.
   To force a re-execution of setvars.sh, use the '--force' option.
   Using '--force' can result in excessive use of your environment variables.
▒▒▒▒▒▒▒▒▒▒▒▒▒▒▒▒▒▒▒▒▒▒▒▒▒▒▒▒▒▒▒▒ Iniciando ejecuccion ▒▒▒▒▒▒▒▒▒▒▒▒▒▒▒▒▒▒▒▒▒▒▒▒▒▒▒▒▒▒▒▒
 > Bitacora: Ejecucion con los parametros requeridos en la tarea
 > Numero de procesadores: 9
 > ID de los resultados: _13_04_2023_103718
	•Resultados en: 'r_13_04_2023_103718'
Version MPI /opt/intel/oneapi/mpi/2021.1.1/bin/mpicc
======================= Compilando archivos :: 10:37 =======================
_______________ Compilando el archivo secuencial _______________
----------------------------------------------------------------

 > Inicia la corrida de ejecutables
--------------- corrida secuencial :: 10:37 ---------------
Version de mpirun /opt/intel/oneapi/mpi/2021.1.1/bin/mpirun
[mpiexec@nodo16] check_exit_codes (../../../../../src/pm/i_hydra/libhydra/demux/hydra_demux_poll.c:117): unable to run bstrap_proxy on nodo16 (pid 161454, exit code 42752)
[mpiexec@nodo16] poll_for_event (../../../../../src/pm/i_hydra/libhydra/demux/hydra_demux_poll.c:159): check exit codes error
[mpiexec@nodo16] HYD_dmx_poll_wait_for_proxy_event (../../../../../src/pm/i_hydra/libhydra/demux/hydra_demux_poll.c:212): poll for event error
[mpiexec@nodo16] HYD_bstrap_setup (../../../../../src/pm/i_hydra/libhydra/bstrap/src/intel/i_hydra_bstrap.c:772): error waiting for event
[mpiexec@nodo16] main (../../../../../src/pm/i_hydra/mpiexec/mpiexec.c:1955): error setting up the boostrap proxies
░░░░░░░░░░░░░░░░░░░░░░░░░░░░░░░ Ejecuccion terminada ░░░░░░░░░░░░░░░░░░░░░░░░░░░░░░░
