Corriendo el programa. ID de los resultados: 19022023173548
La corrida inicio a las: 19/02/2023 17:35!
 --- Ejecucion con 1 hilos
 --- Ejecucion con 2 hilos
 --- Ejecucion con 3 hilos
 --- Ejecucion con 4 hilos
 --- Ejecucion con 5 hilos
 --- Ejecucion con 6 hilos
 --- Ejecucion con 7 hilos
 --- Ejecucion con 8 hilos
 --- Ejecucion con 9 hilos
 --- Ejecucion con 10 hilos
 --- Ejecucion con 11 hilos
 --- Ejecucion con 12 hilos
 --- Ejecucion con 13 hilos
 --- Ejecucion con 14 hilos
 --- Ejecucion con 15 hilos
 --- Ejecucion con 16 hilos
La corrida termino a las: 19/02/2023 17:44!
python: can't open file 'Z:/juventino_velasquez/graficar.py': [Errno 2] No such file or directory
