▒▒▒▒▒▒▒▒▒▒▒▒▒▒▒▒▒▒▒▒▒▒▒▒▒▒▒▒▒▒▒▒ Iniciando ejecuccion ▒▒▒▒▒▒▒▒▒▒▒▒▒▒▒▒▒▒▒▒▒▒▒▒▒▒▒▒▒▒▒▒
 > Bitacora: Corrida con los datos de la tarea
 > ID de los resultados: _20_03_2023_095050
	•Tamano del experimento: 5000000
	•Numero_hilos: 16
	•Repeticiones por hilo: 1
	•Resultados en: 'r_20_03_2023_095050'
======================= Compilando archivos :: 09:50 =======================
_______________ Compilando el archivo secuencial _______________
----------------------------------------------------------------

_______________ Compilando el archivo secuencial _______________
----------------------------------------------------------------

 > Inicia la toma de tiempos
--------------- corrida secuencial :: 09:50 ---------------
~~~~~~~~~~~~~ Ejecucion con 1 hilos :: 09:50 ~~~~~~~~~~~~~
~~~~~~~~~~~~~ Ejecucion con 2 hilos :: 09:50 ~~~~~~~~~~~~~
~~~~~~~~~~~~~ Ejecucion con 3 hilos :: 09:50 ~~~~~~~~~~~~~
~~~~~~~~~~~~~ Ejecucion con 4 hilos :: 09:50 ~~~~~~~~~~~~~
~~~~~~~~~~~~~ Ejecucion con 5 hilos :: 09:50 ~~~~~~~~~~~~~
~~~~~~~~~~~~~ Ejecucion con 6 hilos :: 09:50 ~~~~~~~~~~~~~
~~~~~~~~~~~~~ Ejecucion con 7 hilos :: 09:50 ~~~~~~~~~~~~~
~~~~~~~~~~~~~ Ejecucion con 8 hilos :: 09:50 ~~~~~~~~~~~~~
~~~~~~~~~~~~~ Ejecucion con 9 hilos :: 09:50 ~~~~~~~~~~~~~
~~~~~~~~~~~~~ Ejecucion con 10 hilos :: 09:50 ~~~~~~~~~~~~~
~~~~~~~~~~~~~ Ejecucion con 11 hilos :: 09:50 ~~~~~~~~~~~~~
~~~~~~~~~~~~~ Ejecucion con 12 hilos :: 09:50 ~~~~~~~~~~~~~
~~~~~~~~~~~~~ Ejecucion con 13 hilos :: 09:50 ~~~~~~~~~~~~~
~~~~~~~~~~~~~ Ejecucion con 14 hilos :: 09:50 ~~~~~~~~~~~~~
~~~~~~~~~~~~~ Ejecucion con 15 hilos :: 09:50 ~~~~~~~~~~~~~
~~~~~~~~~~~~~ Ejecucion con 16 hilos :: 09:50 ~~~~~~~~~~~~~
░░░░░░░░░░░░░░░░░░░░░░░░░░░░░░░ Ejecuccion terminada ░░░░░░░░░░░░░░░░░░░░░░░░░░░░░░░
