	 Intel oneAPI 2021
▒▒▒▒▒▒▒▒▒▒▒▒▒▒▒▒▒▒▒▒▒▒▒▒▒▒▒▒▒▒▒▒ Iniciando ejecuccion ▒▒▒▒▒▒▒▒▒▒▒▒▒▒▒▒▒▒▒▒▒▒▒▒▒▒▒▒▒▒▒▒
 > Bitacora: Prueba compilado 
 > ID de los resultados: 12_04_2023_085508
	•Tamano muesstra: '30'
	•Numero de hilos: '3'
	•Resultados en: 'r_12_04_2023_085508'
======================= Compilando archivos :: 08:55 =======================
_______________ Compilando el archivo secuencial _______________
----------------------------------------------------------------

________________ Compilando el archivo paralelo ________________
----------------------------------------------------------------

________________ Compilando el archivo de datos ________________
----------------------------------------------------------------

 > Inicia la corrida de ejecutables
--------------- corrida secuencial :: 08:55 ---------------
~~~~~~~~~~~~~ Ejecucion con 1 hilos :: 08:55 ~~~~~~~~~~~~~
[mpiexec@nodo16] check_exit_codes (../../../../../src/pm/i_hydra/libhydra/demux/hydra_demux_poll.c:117): unable to run bstrap_proxy on nodo16 (pid 75438, exit code 42752)
[mpiexec@nodo16] poll_for_event (../../../../../src/pm/i_hydra/libhydra/demux/hydra_demux_poll.c:159): check exit codes error
[mpiexec@nodo16] HYD_dmx_poll_wait_for_proxy_event (../../../../../src/pm/i_hydra/libhydra/demux/hydra_demux_poll.c:212): poll for event error
[mpiexec@nodo16] HYD_bstrap_setup (../../../../../src/pm/i_hydra/libhydra/bstrap/src/intel/i_hydra_bstrap.c:772): error waiting for event
[mpiexec@nodo16] main (../../../../../src/pm/i_hydra/mpiexec/mpiexec.c:1955): error setting up the boostrap proxies
~~~~~~~~~~~~~ Ejecucion con 2 hilos :: 08:56 ~~~~~~~~~~~~~
slurmstepd: error: *** JOB 4034 ON nodo16 CANCELLED AT 2023-04-12T08:56:30 DUE TO TIME LIMIT ***
